c:\users\15pb-student\documents\github\1023\debug\tankwar.bsc
c:\users\15pb-student\documents\github\1023\tankwar\debug\vc120.pdb
c:\users\15pb-student\documents\github\1023\tankwar\debug\vc120.idb
c:\users\15pb-student\documents\github\1023\tankwar\debug\bullet.sbr
c:\users\15pb-student\documents\github\1023\tankwar\debug\draw.sbr
c:\users\15pb-student\documents\github\1023\tankwar\debug\game.sbr
c:\users\15pb-student\documents\github\1023\tankwar\debug\main.sbr
c:\users\15pb-student\documents\github\1023\tankwar\debug\mysucai.sbr
c:\users\15pb-student\documents\github\1023\tankwar\debug\tank.sbr
c:\users\15pb-student\documents\github\1023\tankwar\debug\tank.obj
c:\users\15pb-student\documents\github\1023\tankwar\debug\mysucai.obj
c:\users\15pb-student\documents\github\1023\tankwar\debug\main.obj
c:\users\15pb-student\documents\github\1023\tankwar\debug\game.obj
c:\users\15pb-student\documents\github\1023\tankwar\debug\draw.obj
c:\users\15pb-student\documents\github\1023\tankwar\debug\bullet.obj
c:\users\15pb-student\documents\github\1023\debug\tankwar.ilk
c:\users\15pb-student\documents\github\1023\debug\tankwar.exe
c:\users\15pb-student\documents\github\1023\debug\tankwar.pdb
c:\users\15pb-student\documents\github\1023\tankwar\debug\tankwar.tlog\bscmake.command.1.tlog
c:\users\15pb-student\documents\github\1023\tankwar\debug\tankwar.tlog\bscmake.read.1.tlog
c:\users\15pb-student\documents\github\1023\tankwar\debug\tankwar.tlog\bscmake.write.1.tlog
c:\users\15pb-student\documents\github\1023\tankwar\debug\tankwar.tlog\cl.command.1.tlog
c:\users\15pb-student\documents\github\1023\tankwar\debug\tankwar.tlog\cl.read.1.tlog
c:\users\15pb-student\documents\github\1023\tankwar\debug\tankwar.tlog\cl.write.1.tlog
c:\users\15pb-student\documents\github\1023\tankwar\debug\tankwar.tlog\link.command.1.tlog
c:\users\15pb-student\documents\github\1023\tankwar\debug\tankwar.tlog\link.read.1.tlog
c:\users\15pb-student\documents\github\1023\tankwar\debug\tankwar.tlog\link.write.1.tlog
